2023-11-05 14:43:00.797 [info] Log level: Info
2023-11-05 14:43:00.797 [info] Validating found git in: "git"
2023-11-05 14:43:00.797 [info] Using git "2.42.0" from "git"
2023-11-05 14:43:00.797 [info] > git rev-parse --show-toplevel [5ms]
2023-11-05 14:43:00.797 [info] fatal: not a git repository (or any of the parent directories): .git
2023-11-05 14:43:00.797 [info] > git rev-parse --show-toplevel [4ms]
2023-11-05 14:43:00.797 [info] fatal: not a git repository (or any of the parent directories): .git
2023-11-05 14:43:00.797 [info] > git rev-parse --show-toplevel [2ms]
2023-11-05 14:43:00.797 [info] fatal: not a git repository (or any of the parent directories): .git
2023-11-05 14:43:02.587 [info] > git rev-parse --show-toplevel [2ms]
2023-11-05 14:43:02.587 [info] fatal: not a git repository (or any of the parent directories): .git
2023-11-05 14:43:06.383 [info] > git rev-parse --show-toplevel [94ms]
2023-11-05 14:43:06.383 [info] fatal: not a git repository (or any of the parent directories): .git
2023-11-05 14:43:06.908 [info] > git rev-parse --show-toplevel [236ms]
2023-11-05 14:43:06.908 [info] fatal: not a git repository (or any of the parent directories): .git
2023-11-05 14:43:08.604 [info] > git rev-parse --show-toplevel [8ms]
2023-11-05 14:43:08.604 [info] fatal: not a git repository (or any of the parent directories): .git
2023-11-05 14:43:38.993 [info] > git rev-parse --show-toplevel [48ms]
2023-11-05 14:43:38.993 [info] fatal: not a git repository (or any of the parent directories): .git
2023-11-05 14:45:00.531 [info] > git rev-parse --show-toplevel [3ms]
2023-11-05 14:45:00.531 [info] fatal: not a git repository (or any of the parent directories): .git
2023-11-05 14:45:36.689 [info] > git rev-parse --show-toplevel [9ms]
2023-11-05 14:45:36.689 [info] fatal: not a git repository (or any of the parent directories): .git
2023-11-05 14:46:10.071 [info] > git rev-parse --show-toplevel [5ms]
2023-11-05 14:46:10.071 [info] fatal: not a git repository (or any of the parent directories): .git
2023-11-05 14:46:34.795 [info] > git rev-parse --show-toplevel [8ms]
2023-11-05 14:46:34.795 [info] fatal: not a git repository (or any of the parent directories): .git
2023-11-05 14:57:17.794 [info] > git rev-parse --show-toplevel [20ms]
2023-11-05 14:57:17.794 [info] fatal: not a git repository (or any of the parent directories): .git
2023-11-05 14:58:35.892 [info] > git rev-parse --show-toplevel [5ms]
2023-11-05 14:58:35.893 [info] fatal: not a git repository (or any of the parent directories): .git
2023-11-05 15:09:18.339 [info] > git rev-parse --show-toplevel [24ms]
2023-11-05 15:09:18.341 [info] fatal: not a git repository (or any of the parent directories): .git
2023-11-05 15:16:57.397 [info] > git rev-parse --show-toplevel [9ms]
2023-11-05 15:16:57.397 [info] fatal: not a git repository (or any of the parent directories): .git
2023-11-05 15:19:11.867 [info] > git rev-parse --show-toplevel [5ms]
2023-11-05 15:19:11.868 [info] fatal: not a git repository (or any of the parent directories): .git
2023-11-05 15:19:23.750 [info] > git rev-parse --show-toplevel [9ms]
2023-11-05 15:19:23.750 [info] fatal: not a git repository (or any of the parent directories): .git
2023-11-05 15:19:33.096 [info] > git rev-parse --show-toplevel [3ms]
2023-11-05 15:19:33.096 [info] fatal: not a git repository (or any of the parent directories): .git
2023-11-05 15:19:34.164 [info] > git rev-parse --show-toplevel [5ms]
2023-11-05 15:19:34.164 [info] fatal: not a git repository (or any of the parent directories): .git
2023-11-05 15:19:35.527 [info] > git rev-parse --show-toplevel [2ms]
2023-11-05 15:19:35.527 [info] fatal: not a git repository (or any of the parent directories): .git
2023-11-05 15:19:42.086 [info] > git rev-parse --show-toplevel [11ms]
2023-11-05 15:19:42.086 [info] fatal: not a git repository (or any of the parent directories): .git
2023-11-05 15:19:44.012 [info] > git rev-parse --show-toplevel [2ms]
2023-11-05 15:19:44.012 [info] fatal: not a git repository (or any of the parent directories): .git
2023-11-05 15:19:59.689 [info] > git rev-parse --show-toplevel [2ms]
2023-11-05 15:19:59.689 [info] fatal: not a git repository (or any of the parent directories): .git
2023-11-05 15:20:02.136 [info] > git rev-parse --show-toplevel [1ms]
2023-11-05 15:20:02.137 [info] fatal: not a git repository (or any of the parent directories): .git
2023-11-05 15:20:16.804 [info] > git rev-parse --show-toplevel [3ms]
2023-11-05 15:20:16.805 [info] fatal: not a git repository (or any of the parent directories): .git
2023-11-05 15:20:20.032 [info] > git rev-parse --show-toplevel [5ms]
2023-11-05 15:20:20.032 [info] fatal: not a git repository (or any of the parent directories): .git
2023-11-05 15:20:30.760 [info] > git rev-parse --show-toplevel [16ms]
2023-11-05 15:20:30.760 [info] fatal: not a git repository (or any of the parent directories): .git
2023-11-05 15:20:45.898 [info] > git rev-parse --show-toplevel [6ms]
2023-11-05 15:20:45.898 [info] fatal: not a git repository (or any of the parent directories): .git
2023-11-05 15:21:03.600 [info] > git rev-parse --show-toplevel [5ms]
2023-11-05 15:21:03.600 [info] fatal: not a git repository (or any of the parent directories): .git
2023-11-05 15:21:06.350 [info] > git rev-parse --show-toplevel [7ms]
2023-11-05 15:21:06.350 [info] fatal: not a git repository (or any of the parent directories): .git
