[INFO] Logger started at 2023-11-02 10:58:06
[INFO] Executable name: /home/gregor/.config/TraderWorkstation/.install4j/updater
[INFO] install4j version: 9.0.8 (build 9199)
[INFO] Properties: 
-- listing properties --
install4j.shutdownFile=/tmp/i4jshd4479729049367275290.tmp
java.runtime.name=Java(TM) SE Runtime Environment
exe4j.moduleName=/home/gregor/.config/TraderWorkstatio...
sun.boot.library.path=/home/gregor/.local/share/i4j_jres/Od...
java.vm.version=25.202-b08
install4j.fromService=false
java.vm.vendor=Oracle Corporation
java.vendor.url=http://java.oracle.com/
path.separator=:
java.vm.name=Java HotSpot(TM) 64-Bit Server VM
file.encoding.pkg=sun.io
user.country=GB
sun.java.launcher=SUN_STANDARD
sun.os.patch.level=unknown
install4j.exeDir=/home/gregor/.config/TraderWorkstatio...
java.vm.specification.name=Java Virtual Machine Specification
user.dir=/home/gregor/.config/TraderWorkstation
java.runtime.version=1.8.0_202-b08
java.awt.graphicsenv=sun.awt.X11GraphicsEnvironment
java.endorsed.dirs=/home/gregor/.local/share/i4j_jres/Od...
os.arch=amd64
java.io.tmpdir=/tmp
line.separator=

java.vm.specification.vendor=Oracle Corporation
os.name=Linux
jdk.http.auth.tunneling.disabledSchemes=
install4j.fromLauncher=/home/gregor/.config/TraderWorkstatio...
sun.jnu.encoding=UTF-8
java.library.path=/home/gregor/.config/TraderWorkstatio...
jdk.lang.Process.allowAmbiguousCommands=false
install4j.launcherId=443
java.specification.name=Java Platform API Specification
java.class.version=52.0
sun.management.compiler=HotSpot 64-Bit Tiered Compilers
os.version=6.5.8-arch1-1
install4j.swt=false
install4j.fromLauncherId=22
user.home=/home/gregor
user.timezone=Europe/London
java.awt.printerjob=sun.print.PSPrinterJob
java.specification.version=1.8
file.encoding=UTF-8
install4j.jvmDir=/home/gregor/.local/share/i4j_jres/Od...
java.net.useSystemProxies=true
user.name=gregor
java.class.path=/home/gregor/.config/TraderWorkstatio...
java.vm.specification.version=1.8
sun.arch.data.model=64
java.home=/home/gregor/.local/share/i4j_jres/Od...
sun.java.command=install4j.App3118837495Id443 443 -Vch...
java.specification.vendor=Oracle Corporation
user.language=en
awt.toolkit=sun.awt.X11.XToolkit
java.vm.info=mixed mode
java.version=1.8.0_202
java.ext.dirs=/home/gregor/.local/share/i4j_jres/Od...
sun.boot.class.path=/home/gregor/.local/share/i4j_jres/Od...
java.vendor=Oracle Corporation
install4j.appDir=/home/gregor/.config/TraderWorkstation/
file.separator=/
java.vendor.url.bug=http://bugreport.sun.com/bugreport/
sun.cpu.endian=little
sun.io.unicode.encoding=UnicodeLittle
install4j.alternativeLogfile=./.install4j/updater.log
sun.cpu.isalist=
[INFO] com.install4j.runtime.beans.actions.control.SetVariableAction [ID 4839]: Execute action
       Property script: com.install4j.script.I4jScript_Internal_73
       Property variableName: updateDescriptorUrl
       Property failIfNull: true
       Property onlyIfUndefined: false
       Property responseFileVariable: false
       Property rollbackSupported: false
       Variable changed: updateDescriptorUrl=https://download2.interactivebrokers.com/installers/tws/latest/tws-latest-linux-x64.xml[class java.lang.String]
       Execute action successful after 5 ms
[INFO] com.install4j.runtime.beans.actions.update.CheckForUpdateAction [ID 479]: Execute action
       Property connectTimeout: 10000
       Property connectionFailureScript: null
       Property readTimeout: 20000
       Property requestHeaders: []
       Property url: https://download2.interactivebrokers.com/installers/tws/latest/tws-latest-linux-x64.xml
       Property variable: updateDescriptor
       Property acceptAllCertificates: false
       Property askForProxy: true
       Property rollbackSupported: false
       Property showError: true
       Download: https://download2.interactivebrokers.com/installers/tws/latest/tws-latest-linux-x64.xml to /tmp/i4jupd7884157217683087313.xml; size: 1474 bytes
       Variable changed: updateDescriptor=com.install4j.runtime.installer.config.update.UpdateDescriptorImpl@436813f3[class com.install4j.runtime.installer.config.update.UpdateDescriptorImpl]
       Execute action successful after 976 ms
[INFO] com.install4j.runtime.beans.actions.control.SetVariableAction [ID 480]: Execute action
       Property script: com.install4j.script.I4jScript_Internal_74
       Property variableName: updateDescriptorEntry
       Property failIfNull: false
       Property onlyIfUndefined: false
       Property responseFileVariable: false
       Property rollbackSupported: false
       Checking if update is available [currentUuid=c0e4d90b-b1ae-4277-8223-d01e984b6f5f,channel=latest,channelChanged=false,currentVersion=latest (10.25.1n) 20231030 16:01:24,currentMajorVersion=1025]...
       -> uuid=c0e4d90b-b1ae-4277-8223-d01e984b6f5f,version=latest (10.25.1n) 20231030 16:01:24,majorVersion=1025,rolloutStartDateTime=2023-09-07T16:29:18,rolloutDays=10,rolloutPauseIntervals=[]
       Update not found.
       Variable changed: updateDescriptorEntry=null
       Execute action successful after 30 ms
[INFO] com.install4j.runtime.beans.screens.StartupScreen [ID 444]: command: move 1 screens, executing actions, checking condition
[INFO] cleaning up
[INFO] Finished at 2023-11-02 10:58:08
