{"logTime": "1101/101814", "correlationVector":"qb5aD1HzaX3tv6g3pfZG3A.0","action":"FeedSettingFetch_homeCloud", "result":"0", "context":{}}
{"logTime": "1101/101814", "correlationVector":"qb5aD1HzaX3tv6g3pfZG3A.0","action":"SyncServerConnectionManagerRequest", "result":"SYNC_SERVER_OK", "context":{"environment":"", "migrationStage":"", "server":""}}
{"logTime": "1101/101814", "correlationVector":"OMma1VTqWdmlNW8z4nm2wb.1","action":"SyncServerConnectionManagerRequest", "result":"SYNC_SERVER_OK", "context":{"environment":"Prod_WestEurope_000l", "migrationStage":"NotStarted", "server":"GENERAL0100001Z"}}
{"logTime": "1101/101814", "correlationVector":"OMma1VTqWdmlNW8z4nm2wb","action":"Initial GetUpdates", "result":"", "context":Reason: NEW_CLIENT. cV=OMma1VTqWdmlNW8z4nm2wb}
{"logTime": "1101/101814", "correlationVector":"OMma1VTqWdmlNW8z4nm2wb.2","action":"GetUpdates Response", "result":"SYNCER_OK", "context":Received 1 update(s). cV=OMma1VTqWdmlNW8z4nm2wb.0;server=GENERAL0100001Z;cloudType=Consumer;environment=Prod_WestEurope_000l;migrationStage=NotStarted}
{"logTime": "1101/101814", "correlationVector":"cDN8dg1nFqHmHeWmLpMuSG","action":"Initial GetUpdates", "result":"", "context":Reason: NEW_CLIENT. cV=cDN8dg1nFqHmHeWmLpMuSG}
{"logTime": "1101/101815", "correlationVector":"cDN8dg1nFqHmHeWmLpMuSG.1","action":"SyncServerConnectionManagerRequest", "result":"SYNC_SERVER_OK", "context":{"environment":"Prod_WestEurope_000l", "migrationStage":"NotStarted", "server":"GENERAL0100001Z"}}
{"logTime": "1101/101815", "correlationVector":"cDN8dg1nFqHmHeWmLpMuSG.2","action":"GetUpdates Response", "result":"SYNCER_OK", "context":Received 2 update(s). cV=cDN8dg1nFqHmHeWmLpMuSG.0;server=GENERAL0100001Z;cloudType=Consumer;environment=Prod_WestEurope_000l;migrationStage=NotStarted}
{"logTime": "1101/101815", "correlationVector":"kkcmCA6djquvF6Z5UyKOlc","action":"Initial GetUpdates", "result":"", "context":Reason: NEW_CLIENT. cV=kkcmCA6djquvF6Z5UyKOlc}
{"logTime": "1101/101815", "correlationVector":"kkcmCA6djquvF6Z5UyKOlc.1","action":"SyncServerConnectionManagerRequest", "result":"SYNC_SERVER_OK", "context":{"environment":"Prod_WestEurope_x00e", "migrationStage":"NotStarted", "server":"GENERAL0100000E"}}
{"logTime": "1101/101815", "correlationVector":"kkcmCA6djquvF6Z5UyKOlc.2","action":"GetUpdates Response", "result":"SYNCER_OK", "context":Received 5 update(s). cV=kkcmCA6djquvF6Z5UyKOlc.0;server=GENERAL0100000E;cloudType=Consumer;environment=Prod_WestEurope_x00e;migrationStage=NotStarted}
{"logTime": "1101/101815", "correlationVector":"3eObee7924nUCWSP4uzYt5","action":"Initial GetUpdates", "result":"", "context":Reason: NEW_CLIENT. cV=3eObee7924nUCWSP4uzYt5}
{"logTime": "1101/101815", "correlationVector":"3eObee7924nUCWSP4uzYt5.1","action":"SyncServerConnectionManagerRequest", "result":"SYNC_SERVER_OK", "context":{"environment":"Prod_WestEurope_x00e", "migrationStage":"NotStarted", "server":"GENERAL01000001"}}
{"logTime": "1101/101815", "correlationVector":"3eObee7924nUCWSP4uzYt5.2","action":"GetUpdates Response", "result":"SYNCER_OK", "context":Received 3 update(s). cV=3eObee7924nUCWSP4uzYt5.0;server=GENERAL01000001;cloudType=Consumer;environment=Prod_WestEurope_x00e;migrationStage=NotStarted}
{"logTime": "1101/101815", "correlationVector":"6Cubbjz8AIhqOZ30tWOjCu","action":"Normal GetUpdate request", "result":"", "context":cV=6Cubbjz8AIhqOZ30tWOjCu
Nudged types: Preferences, Sessions, Device Info, User Consents
Refresh requested types: Bookmarks, Preferences, Passwords, Autofill Profiles, Autofill, Autofill Custom Data, Typed URLs, Extensions, Sessions, Extension settings, History Delete Directives, Device Info, User Consents, Send Tab To Self, Web Apps, Collection, Edge E Drop, Edge Hub App Usage, Edge Wallet, Encryption Keys}
{"logTime": "1101/101815", "correlationVector":"6Cubbjz8AIhqOZ30tWOjCu.1","action":"SyncServerConnectionManagerRequest", "result":"SYNC_SERVER_OK", "context":{"environment":"Prod_WestEurope_000l", "migrationStage":"NotStarted", "server":"GENERAL0100000Y"}}
{"logTime": "1101/101815", "correlationVector":"6Cubbjz8AIhqOZ30tWOjCu.2","action":"GetUpdates Response", "result":"SYNCER_OK", "context":Received 0 update(s). cV=6Cubbjz8AIhqOZ30tWOjCu.0;server=GENERAL0100000Y;cloudType=Consumer;environment=Prod_WestEurope_000l;migrationStage=NotStarted}
{"logTime": "1101/101815", "correlationVector":"RCgF8AFiS4b5VnbJkl+9SR","action":"Commit Request", "result":"", "context":Item count: 1
Contributing types: Device Info}
{"logTime": "1101/101816", "correlationVector":"RCgF8AFiS4b5VnbJkl+9SR.1","action":"SyncServerConnectionManagerRequest", "result":"SYNC_SERVER_OK", "context":{"environment":"Prod_WestEurope_000l", "migrationStage":"NotStarted", "server":"GENERAL01000020"}}
{"logTime": "1101/101816", "correlationVector":"RCgF8AFiS4b5VnbJkl+9SR.2","action":"Commit Response", "result":"SYNCER_OK", "context":Result: SYNCER_OK. cV=RCgF8AFiS4b5VnbJkl+9SR.0;server=GENERAL01000020;cloudType=Consumer;environment=Prod_WestEurope_000l;migrationStage=NotStarted}
{"logTime": "1101/101816", "correlationVector":"U4mKJ0T1hhHtF23O1zwfUX","action":"Commit Request", "result":"", "context":Item count: 20
Contributing types: Preferences, Sessions, User Consents}
{"logTime": "1101/101816", "correlationVector":"U4mKJ0T1hhHtF23O1zwfUX.1","action":"SyncServerConnectionManagerRequest", "result":"SYNC_SERVER_OK", "context":{"environment":"Prod_WestEurope_x00e", "migrationStage":"NotStarted", "server":"GENERAL01000028"}}
{"logTime": "1101/101816", "correlationVector":"U4mKJ0T1hhHtF23O1zwfUX.2","action":"Commit Response", "result":"SYNCER_OK", "context":Result: SYNCER_OK. cV=U4mKJ0T1hhHtF23O1zwfUX.0;server=GENERAL01000028;cloudType=Consumer;environment=Prod_WestEurope_x00e;migrationStage=NotStarted}
{"logTime": "1101/101816", "correlationVector":"85mqjuttfW5Tjpkkvzda8L","action":"Commit Request", "result":"", "context":Item count: 1
Contributing types: User Consents}
{"logTime": "1101/101817", "correlationVector":"85mqjuttfW5Tjpkkvzda8L.1","action":"SyncServerConnectionManagerRequest", "result":"SYNC_SERVER_OK", "context":{"environment":"Prod_WestEurope_x00e", "migrationStage":"NotStarted", "server":"GENERAL0100000O"}}
{"logTime": "1101/101817", "correlationVector":"85mqjuttfW5Tjpkkvzda8L.2","action":"Commit Response", "result":"SYNCER_OK", "context":Result: SYNCER_OK. cV=85mqjuttfW5Tjpkkvzda8L.0;server=GENERAL0100000O;cloudType=Consumer;environment=Prod_WestEurope_x00e;migrationStage=NotStarted}
{"logTime": "1101/101817", "correlationVector":"1iNpGN9QLjapwA5rur1T19","action":"Commit Request", "result":"", "context":Item count: 1
Contributing types: Preferences}
{"logTime": "1101/101817", "correlationVector":"1iNpGN9QLjapwA5rur1T19.1","action":"SyncServerConnectionManagerRequest", "result":"SYNC_SERVER_OK", "context":{"environment":"Prod_WestEurope_x00e", "migrationStage":"NotStarted", "server":"GENERAL01000013"}}
{"logTime": "1101/101817", "correlationVector":"1iNpGN9QLjapwA5rur1T19.2","action":"Commit Response", "result":"SYNCER_OK", "context":Result: SYNCER_OK. cV=1iNpGN9QLjapwA5rur1T19.0;server=GENERAL01000013;cloudType=Consumer;environment=Prod_WestEurope_x00e;migrationStage=NotStarted}
{"logTime": "1101/101821", "correlationVector":"YMSYK0Mpj5McHqFxbrpk7f","action":"Commit Request", "result":"", "context":Item count: 4
Contributing types: Sessions, Edge Hub App Usage}
{"logTime": "1101/101822", "correlationVector":"YMSYK0Mpj5McHqFxbrpk7f.1","action":"SyncServerConnectionManagerRequest", "result":"SYNC_SERVER_OK", "context":{"environment":"Prod_WestEurope_000l", "migrationStage":"NotStarted", "server":"GENERAL0100000Y"}}
{"logTime": "1101/101822", "correlationVector":"YMSYK0Mpj5McHqFxbrpk7f.3","action":"Commit.Sessions", "result":"Success", "context":{"id":"10f5aa42-2615-4084-8b3d-49d97ab6aaaa", "isDeleted":"true", "size":"0", "version":"1698833896238"}}
{"logTime": "1101/101822", "correlationVector":"YMSYK0Mpj5McHqFxbrpk7f.2","action":"Commit Response", "result":"SYNCER_OK", "context":Result: SYNCER_OK. cV=YMSYK0Mpj5McHqFxbrpk7f.0;server=GENERAL0100000Y;cloudType=Consumer;environment=Prod_WestEurope_000l;migrationStage=NotStarted}
{"logTime": "1101/101824", "correlationVector":"e0gGjBSERjPJc4RUgNe2mo","action":"Commit Request", "result":"", "context":Item count: 1
Contributing types: Preferences}
{"logTime": "1101/101824", "correlationVector":"e0gGjBSERjPJc4RUgNe2mo.1","action":"SyncServerConnectionManagerRequest", "result":"SYNC_SERVER_OK", "context":{"environment":"Prod_WestEurope_x00e", "migrationStage":"NotStarted", "server":"GENERAL01000022"}}
{"logTime": "1101/101824", "correlationVector":"e0gGjBSERjPJc4RUgNe2mo.2","action":"Commit Response", "result":"SYNCER_OK", "context":Result: SYNCER_OK. cV=e0gGjBSERjPJc4RUgNe2mo.0;server=GENERAL01000022;cloudType=Consumer;environment=Prod_WestEurope_x00e;migrationStage=NotStarted}
{"logTime": "1101/101859", "correlationVector":"mvWJctIo3tIf8w3yAShikp","action":"Commit Request", "result":"", "context":Item count: 2
Contributing types: Sessions}
{"logTime": "1101/101859", "correlationVector":"mvWJctIo3tIf8w3yAShikp.1","action":"SyncServerConnectionManagerRequest", "result":"SYNC_SERVER_OK", "context":{"environment":"Prod_WestEurope_x00e", "migrationStage":"NotStarted", "server":"GENERAL0100000R"}}
{"logTime": "1101/101859", "correlationVector":"mvWJctIo3tIf8w3yAShikp.2","action":"Commit Response", "result":"SYNCER_OK", "context":Result: SYNCER_OK. cV=mvWJctIo3tIf8w3yAShikp.0;server=GENERAL0100000R;cloudType=Consumer;environment=Prod_WestEurope_x00e;migrationStage=NotStarted}
{"logTime": "1101/101911", "correlationVector":"JFsB4fVezLqI6BhfSfnK6t","action":"Commit Request", "result":"", "context":Item count: 7
Contributing types: Preferences}
{"logTime": "1101/101911", "correlationVector":"JFsB4fVezLqI6BhfSfnK6t.1","action":"SyncServerConnectionManagerRequest", "result":"SYNC_SERVER_OK", "context":{"environment":"Prod_WestEurope_000l", "migrationStage":"NotStarted", "server":"GENERAL0100000U"}}
{"logTime": "1101/101911", "correlationVector":"JFsB4fVezLqI6BhfSfnK6t.2","action":"Commit Response", "result":"SYNCER_OK", "context":Result: SYNCER_OK. cV=JFsB4fVezLqI6BhfSfnK6t.0;server=GENERAL0100000U;cloudType=Consumer;environment=Prod_WestEurope_000l;migrationStage=NotStarted}
{"logTime": "1101/101916", "correlationVector":"Na7hqe+tdN21lPFouDxruG","action":"Commit Request", "result":"", "context":Item count: 1
Contributing types: Preferences}
{"logTime": "1101/101916", "correlationVector":"Na7hqe+tdN21lPFouDxruG.1","action":"SyncServerConnectionManagerRequest", "result":"SYNC_SERVER_OK", "context":{"environment":"Prod_WestEurope_x00e", "migrationStage":"NotStarted", "server":"GENERAL0100002M"}}
{"logTime": "1101/101916", "correlationVector":"Na7hqe+tdN21lPFouDxruG.2","action":"Commit Response", "result":"SYNCER_OK", "context":Result: SYNCER_OK. cV=Na7hqe+tdN21lPFouDxruG.0;server=GENERAL0100002M;cloudType=Consumer;environment=Prod_WestEurope_x00e;migrationStage=NotStarted}
{"logTime": "1101/101918", "correlationVector":"jHVBHTLAZXKmguSMY/+yuE","action":"Commit Request", "result":"", "context":Item count: 2
Contributing types: Preferences}
{"logTime": "1101/101919", "correlationVector":"jHVBHTLAZXKmguSMY/+yuE.1","action":"SyncServerConnectionManagerRequest", "result":"SYNC_SERVER_OK", "context":{"environment":"Prod_WestEurope_000l", "migrationStage":"NotStarted", "server":"GENERAL0100000U"}}
{"logTime": "1101/101919", "correlationVector":"jHVBHTLAZXKmguSMY/+yuE.2","action":"Commit Response", "result":"SYNCER_OK", "context":Result: SYNCER_OK. cV=jHVBHTLAZXKmguSMY/+yuE.0;server=GENERAL0100000U;cloudType=Consumer;environment=Prod_WestEurope_000l;migrationStage=NotStarted}
{"logTime": "1101/101923", "correlationVector":"gouihr74C2bzZfOUJVdpEu","action":"Commit Request", "result":"", "context":Item count: 2
Contributing types: Preferences}
{"logTime": "1101/101923", "correlationVector":"gouihr74C2bzZfOUJVdpEu.1","action":"SyncServerConnectionManagerRequest", "result":"SYNC_SERVER_OK", "context":{"environment":"Prod_WestEurope_x00e", "migrationStage":"NotStarted", "server":"GENERAL0100000D"}}
{"logTime": "1101/101923", "correlationVector":"gouihr74C2bzZfOUJVdpEu.2","action":"Commit Response", "result":"SYNCER_OK", "context":Result: SYNCER_OK. cV=gouihr74C2bzZfOUJVdpEu.0;server=GENERAL0100000D;cloudType=Consumer;environment=Prod_WestEurope_x00e;migrationStage=NotStarted}
{"logTime": "1101/101935", "correlationVector":"m589kYzBOeefeE+cvVlwEQ","action":"Commit Request", "result":"", "context":Item count: 5
Contributing types: Preferences, Sessions}
{"logTime": "1101/101935", "correlationVector":"m589kYzBOeefeE+cvVlwEQ.1","action":"SyncServerConnectionManagerRequest", "result":"SYNC_SERVER_OK", "context":{"environment":"Prod_WestEurope_x00e", "migrationStage":"NotStarted", "server":"GENERAL0100000D"}}
{"logTime": "1101/101935", "correlationVector":"m589kYzBOeefeE+cvVlwEQ.2","action":"Commit Response", "result":"SYNCER_OK", "context":Result: SYNCER_OK. cV=m589kYzBOeefeE+cvVlwEQ.0;server=GENERAL0100000D;cloudType=Consumer;environment=Prod_WestEurope_x00e;migrationStage=NotStarted}
{"logTime": "1101/101948", "correlationVector":"MlZfLCk+gX6wWlzQE8dLuP","action":"Commit Request", "result":"", "context":Item count: 1
Contributing types: Device Info}
{"logTime": "1101/101948", "correlationVector":"MlZfLCk+gX6wWlzQE8dLuP.1","action":"SyncServerConnectionManagerRequest", "result":"SYNC_SERVER_OK", "context":{"environment":"Prod_WestEurope_x00e", "migrationStage":"NotStarted", "server":"GENERAL0100001E"}}
{"logTime": "1101/101948", "correlationVector":"MlZfLCk+gX6wWlzQE8dLuP.2","action":"Commit Response", "result":"SYNCER_OK", "context":Result: SYNCER_OK. cV=MlZfLCk+gX6wWlzQE8dLuP.0;server=GENERAL0100001E;cloudType=Consumer;environment=Prod_WestEurope_x00e;migrationStage=NotStarted}
{"logTime": "1101/102016", "correlationVector":"mAQDSb1L+49a4RJKbVvZ7V","action":"Commit Request", "result":"", "context":Item count: 1
Contributing types: Preferences}
{"logTime": "1101/102016", "correlationVector":"mAQDSb1L+49a4RJKbVvZ7V.1","action":"SyncServerConnectionManagerRequest", "result":"SYNC_SERVER_OK", "context":{"environment":"Prod_WestEurope_x00e", "migrationStage":"NotStarted", "server":"GENERAL0100002C"}}
{"logTime": "1101/102016", "correlationVector":"mAQDSb1L+49a4RJKbVvZ7V.2","action":"Commit Response", "result":"SYNCER_OK", "context":Result: SYNCER_OK. cV=mAQDSb1L+49a4RJKbVvZ7V.0;server=GENERAL0100002C;cloudType=Consumer;environment=Prod_WestEurope_x00e;migrationStage=NotStarted}
{"logTime": "1101/102105", "correlationVector":"omTCHaTI7dMEmQRt5y5aRc","action":"Commit Request", "result":"", "context":Item count: 4
Contributing types: Sessions}
{"logTime": "1101/102106", "correlationVector":"omTCHaTI7dMEmQRt5y5aRc.1","action":"SyncServerConnectionManagerRequest", "result":"SYNC_SERVER_OK", "context":{"environment":"Prod_WestEurope_x00e", "migrationStage":"NotStarted", "server":"GENERAL01000017"}}
{"logTime": "1101/102106", "correlationVector":"omTCHaTI7dMEmQRt5y5aRc.3","action":"Commit.Sessions", "result":"Success", "context":{"id":"ed91d97b-d4b6-4f58-ae83-cd105ffd536c", "isDeleted":"true", "size":"0", "version":"1698833975366"}}
{"logTime": "1101/102106", "correlationVector":"omTCHaTI7dMEmQRt5y5aRc.4","action":"Commit.Sessions", "result":"Success", "context":{"id":"936e7337-b979-4de2-b684-a62b44d33aa4", "isDeleted":"true", "size":"0", "version":"1698833939404"}}
{"logTime": "1101/102106", "correlationVector":"omTCHaTI7dMEmQRt5y5aRc.2","action":"Commit Response", "result":"SYNCER_OK", "context":Result: SYNCER_OK. cV=omTCHaTI7dMEmQRt5y5aRc.0;server=GENERAL01000017;cloudType=Consumer;environment=Prod_WestEurope_x00e;migrationStage=NotStarted}
{"logTime": "1101/102534", "correlationVector":"ee5Ural2oCy/MWX13jxCGj","action":"Commit Request", "result":"", "context":Item count: 4
Contributing types: Sessions}
{"logTime": "1101/102535", "correlationVector":"ee5Ural2oCy/MWX13jxCGj.1","action":"SyncServerConnectionManagerRequest", "result":"SYNC_SERVER_OK", "context":{"environment":"Prod_WestEurope_000l", "migrationStage":"NotStarted", "server":"GENERAL01000020"}}
{"logTime": "1101/102535", "correlationVector":"ee5Ural2oCy/MWX13jxCGj.2","action":"Commit Response", "result":"SYNCER_OK", "context":Result: SYNCER_OK. cV=ee5Ural2oCy/MWX13jxCGj.0;server=GENERAL01000020;cloudType=Consumer;environment=Prod_WestEurope_000l;migrationStage=NotStarted}
{"logTime": "1101/102605", "correlationVector":"vyZjE9xFEwhpZGcZYw5cS5","action":"Commit Request", "result":"", "context":Item count: 4
Contributing types: Sessions}
{"logTime": "1101/102605", "correlationVector":"vyZjE9xFEwhpZGcZYw5cS5.1","action":"SyncServerConnectionManagerRequest", "result":"SYNC_SERVER_OK", "context":{"environment":"Prod_WestEurope_x00e", "migrationStage":"NotStarted", "server":"GENERAL0100000A"}}
{"logTime": "1101/102605", "correlationVector":"vyZjE9xFEwhpZGcZYw5cS5.3","action":"Commit.Sessions", "result":"Success", "context":{"id":"371c2358-1330-41c8-bb9d-fed9ee63fc9f", "isDeleted":"true", "size":"0", "version":"1698834335139"}}
{"logTime": "1101/102605", "correlationVector":"vyZjE9xFEwhpZGcZYw5cS5.4","action":"Commit.Sessions", "result":"Success", "context":{"id":"40fecaa3-e6b4-4599-ab6b-293db8231e9f", "isDeleted":"true", "size":"0", "version":"1698834335140"}}
{"logTime": "1101/102605", "correlationVector":"vyZjE9xFEwhpZGcZYw5cS5.2","action":"Commit Response", "result":"SYNCER_OK", "context":Result: SYNCER_OK. cV=vyZjE9xFEwhpZGcZYw5cS5.0;server=GENERAL0100000A;cloudType=Consumer;environment=Prod_WestEurope_x00e;migrationStage=NotStarted}
{"logTime": "1101/102743", "correlationVector":"qr1kfKBMZYf7tAfvs7kGXH","action":"Commit Request", "result":"", "context":Item count: 2
Contributing types: Sessions}
{"logTime": "1101/102743", "correlationVector":"qr1kfKBMZYf7tAfvs7kGXH.1","action":"SyncServerConnectionManagerRequest", "result":"SYNC_SERVER_OK", "context":{"environment":"Prod_WestEurope_x00e", "migrationStage":"NotStarted", "server":"GENERAL0100001P"}}
{"logTime": "1101/102743", "correlationVector":"qr1kfKBMZYf7tAfvs7kGXH.3","action":"Commit.Sessions", "result":"Success", "context":{"id":"90f4fe3c-4286-4a14-90b9-a9d8f77d47cb", "isDeleted":"true", "size":"0", "version":"1698834365713"}}
{"logTime": "1101/102743", "correlationVector":"qr1kfKBMZYf7tAfvs7kGXH.2","action":"Commit Response", "result":"SYNCER_OK", "context":Result: SYNCER_OK. cV=qr1kfKBMZYf7tAfvs7kGXH.0;server=GENERAL0100001P;cloudType=Consumer;environment=Prod_WestEurope_x00e;migrationStage=NotStarted}
{"logTime": "1101/102908", "correlationVector":"6coKQV1PEdE55H2kmYhj5I","action":"Commit Request", "result":"", "context":Item count: 2
Contributing types: Sessions}
{"logTime": "1101/102908", "correlationVector":"6coKQV1PEdE55H2kmYhj5I.1","action":"SyncServerConnectionManagerRequest", "result":"SYNC_SERVER_OK", "context":{"environment":"Prod_WestEurope_x00e", "migrationStage":"NotStarted", "server":"GENERAL0100000F"}}
{"logTime": "1101/102908", "correlationVector":"6coKQV1PEdE55H2kmYhj5I.2","action":"Commit Response", "result":"SYNCER_OK", "context":Result: SYNCER_OK. cV=6coKQV1PEdE55H2kmYhj5I.0;server=GENERAL0100000F;cloudType=Consumer;environment=Prod_WestEurope_x00e;migrationStage=NotStarted}
{"logTime": "1101/102942", "correlationVector":"lG1gdQVwN84Odh2v/q0tBg","action":"Commit Request", "result":"", "context":Item count: 1
Contributing types: Sessions}
{"logTime": "1101/102942", "correlationVector":"lG1gdQVwN84Odh2v/q0tBg.1","action":"SyncServerConnectionManagerRequest", "result":"SYNC_SERVER_OK", "context":{"environment":"Prod_WestEurope_x00e", "migrationStage":"NotStarted", "server":"GENERAL0100002M"}}
{"logTime": "1101/102942", "correlationVector":"lG1gdQVwN84Odh2v/q0tBg.2","action":"Commit Response", "result":"SYNCER_OK", "context":Result: SYNCER_OK. cV=lG1gdQVwN84Odh2v/q0tBg.0;server=GENERAL0100002M;cloudType=Consumer;environment=Prod_WestEurope_x00e;migrationStage=NotStarted}
{"logTime": "1101/103021", "correlationVector":"KaJZHPKrh1P5ySu6gsdnWC","action":"Commit Request", "result":"", "context":Item count: 1
Contributing types: Sessions}
{"logTime": "1101/103021", "correlationVector":"KaJZHPKrh1P5ySu6gsdnWC.1","action":"SyncServerConnectionManagerRequest", "result":"SYNC_SERVER_OK", "context":{"environment":"Prod_WestEurope_x00e", "migrationStage":"NotStarted", "server":"GENERAL01000005"}}
{"logTime": "1101/103021", "correlationVector":"KaJZHPKrh1P5ySu6gsdnWC.2","action":"Commit Response", "result":"SYNCER_OK", "context":Result: SYNCER_OK. cV=KaJZHPKrh1P5ySu6gsdnWC.0;server=GENERAL01000005;cloudType=Consumer;environment=Prod_WestEurope_x00e;migrationStage=NotStarted}
{"logTime": "1101/103102", "correlationVector":"AaBAbDCyW0FpYM4iDjsp5F","action":"Commit Request", "result":"", "context":Item count: 1
Contributing types: Sessions}
{"logTime": "1101/103102", "correlationVector":"AaBAbDCyW0FpYM4iDjsp5F.1","action":"SyncServerConnectionManagerRequest", "result":"SYNC_SERVER_OK", "context":{"environment":"Prod_WestEurope_x00e", "migrationStage":"NotStarted", "server":"GENERAL0100000D"}}
{"logTime": "1101/103102", "correlationVector":"AaBAbDCyW0FpYM4iDjsp5F.2","action":"Commit Response", "result":"SYNCER_OK", "context":Result: SYNCER_OK. cV=AaBAbDCyW0FpYM4iDjsp5F.0;server=GENERAL0100000D;cloudType=Consumer;environment=Prod_WestEurope_x00e;migrationStage=NotStarted}
{"logTime": "1101/103212", "correlationVector":"E0a7I9pr2uex4teU5fM8hg","action":"Commit Request", "result":"", "context":Item count: 3
Contributing types: Sessions}
{"logTime": "1101/103212", "correlationVector":"E0a7I9pr2uex4teU5fM8hg.1","action":"SyncServerConnectionManagerRequest", "result":"SYNC_SERVER_OK", "context":{"environment":"Prod_WestEurope_x00e", "migrationStage":"NotStarted", "server":"GENERAL0100001P"}}
{"logTime": "1101/103212", "correlationVector":"E0a7I9pr2uex4teU5fM8hg.2","action":"Commit Response", "result":"SYNCER_OK", "context":Result: SYNCER_OK. cV=E0a7I9pr2uex4teU5fM8hg.0;server=GENERAL0100001P;cloudType=Consumer;environment=Prod_WestEurope_x00e;migrationStage=NotStarted}
{"logTime": "1101/103245", "correlationVector":"zQww/OJtB7JEzeLL9oFnZt","action":"Commit Request", "result":"", "context":Item count: 1
Contributing types: Sessions}
{"logTime": "1101/103245", "correlationVector":"zQww/OJtB7JEzeLL9oFnZt.1","action":"SyncServerConnectionManagerRequest", "result":"SYNC_SERVER_OK", "context":{"environment":"Prod_WestEurope_x00e", "migrationStage":"NotStarted", "server":"GENERAL0100002C"}}
{"logTime": "1101/103245", "correlationVector":"zQww/OJtB7JEzeLL9oFnZt.2","action":"Commit Response", "result":"SYNCER_OK", "context":Result: SYNCER_OK. cV=zQww/OJtB7JEzeLL9oFnZt.0;server=GENERAL0100002C;cloudType=Consumer;environment=Prod_WestEurope_x00e;migrationStage=NotStarted}
{"logTime": "1101/200600", "correlationVector":"3X7pG3J0eqZ2KT9A54S8M8","action":"Commit Request", "result":"", "context":Item count: 2
Contributing types: Sessions}
{"logTime": "1101/200600", "correlationVector":"3X7pG3J0eqZ2KT9A54S8M8.1","action":"SyncServerConnectionManagerRequest", "result":"SYNC_AUTH_ERROR", "context":{"environment":"Prod_WestEurope_000l", "migrationStage":"NotStarted", "server":"GENERAL01000003"}}
{"logTime": "1101/200600", "correlationVector":"3X7pG3J0eqZ2KT9A54S8M8.2","action":"Commit Response", "result":"SYNC_AUTH_ERROR (HTTP 401)", "context":Result: SYNC_AUTH_ERROR (HTTP 401). cV=3X7pG3J0eqZ2KT9A54S8M8.0;server=GENERAL01000003;cloudType=Undetermined;environment=Prod_WestEurope_000l;migrationStage=NotStarted}
{"logTime": "1101/200601", "correlationVector":"G8qZfcz7pV5g4pRwlJTETy","action":"Commit Request", "result":"", "context":Item count: 2
Contributing types: Sessions}
{"logTime": "1101/200601", "correlationVector":"G8qZfcz7pV5g4pRwlJTETy.1","action":"SyncServerConnectionManagerRequest", "result":"SYNC_SERVER_OK", "context":{"environment":"Prod_WestEurope_000l", "migrationStage":"NotStarted", "server":"GENERAL0100000R"}}
{"logTime": "1101/200601", "correlationVector":"G8qZfcz7pV5g4pRwlJTETy.2","action":"Commit Response", "result":"SYNCER_OK", "context":Result: SYNCER_OK. cV=G8qZfcz7pV5g4pRwlJTETy.0;server=GENERAL0100000R;cloudType=Consumer;environment=Prod_WestEurope_000l;migrationStage=NotStarted}
{"logTime": "1101/213105", "correlationVector":"","action":"CredentialsChanged", "result":"Empty token for EdgeSyncScopeNew"}
{"logTime": "1101/213105", "correlationVector":"","action":"CredentialsChanged", "result":"Empty token for EdgeSyncScopeNew"}
{"logTime": "1101/213110", "correlationVector":"","action":"CredentialsChanged", "result":"Empty token for EdgeSyncScopeNew"}
{"logTime": "1101/213125", "correlationVector":"","action":"CredentialsChanged", "result":"Empty token for EdgeSyncScopeNew"}
{"logTime": "1101/213153", "correlationVector":"","action":"CredentialsChanged", "result":"Empty token for EdgeSyncScopeNew"}
{"logTime": "1101/213253", "correlationVector":"","action":"CredentialsChanged", "result":"Empty token for EdgeSyncScopeNew"}
{"logTime": "1101/213325", "correlationVector":"","action":"CredentialsChanged", "result":"Empty token for EdgeSyncScopeNew"}
{"logTime": "1101/213328", "correlationVector":"","action":"CredentialsChanged", "result":"Empty token for EdgeSyncScopeNew"}
{"logTime": "1101/213336", "correlationVector":"","action":"CredentialsChanged", "result":"Empty token for EdgeSyncScopeNew"}
{"logTime": "1101/213350", "correlationVector":"","action":"CredentialsChanged", "result":"Empty token for EdgeSyncScopeNew"}
{"logTime": "1101/213421", "correlationVector":"","action":"CredentialsChanged", "result":"Empty token for EdgeSyncScopeNew"}
{"logTime": "1101/213514", "correlationVector":"","action":"CredentialsChanged", "result":"Empty token for EdgeSyncScopeNew"}
{"logTime": "1101/213714", "correlationVector":"","action":"CredentialsChanged", "result":"Empty token for EdgeSyncScopeNew"}
{"logTime": "1101/214118", "correlationVector":"","action":"CredentialsChanged", "result":"Empty token for EdgeSyncScopeNew"}
{"logTime": "1101/214902", "correlationVector":"","action":"CredentialsChanged", "result":"Empty token for EdgeSyncScopeNew"}
{"logTime": "1101/215825", "correlationVector":"","action":"CredentialsChanged", "result":"Empty token for EdgeSyncScopeNew"}
{"logTime": "1101/215828", "correlationVector":"","action":"CredentialsChanged", "result":"Empty token for EdgeSyncScopeNew"}
{"logTime": "1101/215835", "correlationVector":"","action":"CredentialsChanged", "result":"Empty token for EdgeSyncScopeNew"}
{"logTime": "1101/215849", "correlationVector":"","action":"CredentialsChanged", "result":"Empty token for EdgeSyncScopeNew"}
{"logTime": "1101/215919", "correlationVector":"","action":"CredentialsChanged", "result":"Empty token for EdgeSyncScopeNew"}
{"logTime": "1101/220021", "correlationVector":"","action":"CredentialsChanged", "result":"Empty token for EdgeSyncScopeNew"}
{"logTime": "1101/220220", "correlationVector":"","action":"CredentialsChanged", "result":"Empty token for EdgeSyncScopeNew"}
{"logTime": "1101/220629", "correlationVector":"","action":"CredentialsChanged", "result":"Empty token for EdgeSyncScopeNew"}
{"logTime": "1101/221337", "correlationVector":"","action":"CredentialsChanged", "result":"Empty token for EdgeSyncScopeNew"}
{"logTime": "1101/222953", "correlationVector":"","action":"CredentialsChanged", "result":"Empty token for EdgeSyncScopeNew"}
{"logTime": "1101/230124", "correlationVector":"","action":"CredentialsChanged", "result":"Empty token for EdgeSyncScopeNew"}
{"logTime": "1101/235738", "correlationVector":"","action":"CredentialsChanged", "result":"Empty token for EdgeSyncScopeNew"}
{"logTime": "1102/020351", "correlationVector":"","action":"CredentialsChanged", "result":"Empty token for EdgeSyncScopeNew"}
{"logTime": "1102/094810", "correlationVector":"","action":"CredentialsChanged", "result":"Empty token for EdgeSyncScopeNew"}
{"logTime": "1102/094813", "correlationVector":"","action":"CredentialsChanged", "result":"Empty token for EdgeSyncScopeNew"}
{"logTime": "1102/094819", "correlationVector":"","action":"CredentialsChanged", "result":"Empty token for EdgeSyncScopeNew"}
{"logTime": "1102/094832", "correlationVector":"","action":"CredentialsChanged", "result":"Empty token for EdgeSyncScopeNew"}
{"logTime": "1102/094900", "correlationVector":"","action":"CredentialsChanged", "result":"Empty token for EdgeSyncScopeNew"}
{"logTime": "1102/095043", "correlationVector":"","action":"CredentialsChanged", "result":"Empty token for EdgeSyncScopeNew"}
{"logTime": "1102/095047", "correlationVector":"","action":"CredentialsChanged", "result":"Empty token for EdgeSyncScopeNew"}
{"logTime": "1102/095054", "correlationVector":"","action":"CredentialsChanged", "result":"Empty token for EdgeSyncScopeNew"}
{"logTime": "1102/095108", "correlationVector":"","action":"CredentialsChanged", "result":"Empty token for EdgeSyncScopeNew"}
{"logTime": "1102/095139", "correlationVector":"","action":"CredentialsChanged", "result":"Empty token for EdgeSyncScopeNew"}
{"logTime": "1102/095234", "correlationVector":"","action":"CredentialsChanged", "result":"Empty token for EdgeSyncScopeNew"}
{"logTime": "1102/095423", "correlationVector":"","action":"CredentialsChanged", "result":"Empty token for EdgeSyncScopeNew"}
{"logTime": "1102/095808", "correlationVector":"","action":"CredentialsChanged", "result":"Empty token for EdgeSyncScopeNew"}
{"logTime": "1102/100634", "correlationVector":"","action":"CredentialsChanged", "result":"Empty token for EdgeSyncScopeNew"}
{"logTime": "1102/102324", "correlationVector":"","action":"CredentialsChanged", "result":"Empty token for EdgeSyncScopeNew"}
{"logTime": "1102/104000", "correlationVector":"","action":"CredentialsChanged", "result":"Empty token for EdgeSyncScopeNew"}
{"logTime": "1102/104003", "correlationVector":"","action":"CredentialsChanged", "result":"Empty token for EdgeSyncScopeNew"}
{"logTime": "1102/104010", "correlationVector":"","action":"CredentialsChanged", "result":"Empty token for EdgeSyncScopeNew"}
{"logTime": "1102/104025", "correlationVector":"","action":"CredentialsChanged", "result":"Empty token for EdgeSyncScopeNew"}
{"logTime": "1102/104055", "correlationVector":"","action":"CredentialsChanged", "result":"Empty token for EdgeSyncScopeNew"}
{"logTime": "1102/104154", "correlationVector":"","action":"CredentialsChanged", "result":"Empty token for EdgeSyncScopeNew"}
{"logTime": "1102/104343", "correlationVector":"","action":"CredentialsChanged", "result":"Empty token for EdgeSyncScopeNew"}
{"logTime": "1102/104738", "correlationVector":"","action":"CredentialsChanged", "result":"Empty token for EdgeSyncScopeNew"}
{"logTime": "1102/105430", "correlationVector":"","action":"CredentialsChanged", "result":"Empty token for EdgeSyncScopeNew"}
{"logTime": "1102/110936", "correlationVector":"","action":"CredentialsChanged", "result":"Empty token for EdgeSyncScopeNew"}
{"logTime": "1102/122703", "correlationVector":"","action":"CredentialsChanged", "result":"Empty token for EdgeSyncScopeNew"}
{"logTime": "1102/122706", "correlationVector":"","action":"CredentialsChanged", "result":"Empty token for EdgeSyncScopeNew"}
{"logTime": "1102/122713", "correlationVector":"","action":"CredentialsChanged", "result":"Empty token for EdgeSyncScopeNew"}
{"logTime": "1102/122727", "correlationVector":"","action":"CredentialsChanged", "result":"Empty token for EdgeSyncScopeNew"}
{"logTime": "1102/122757", "correlationVector":"","action":"CredentialsChanged", "result":"Empty token for EdgeSyncScopeNew"}
{"logTime": "1102/122859", "correlationVector":"","action":"CredentialsChanged", "result":"Empty token for EdgeSyncScopeNew"}
{"logTime": "1102/123049", "correlationVector":"","action":"CredentialsChanged", "result":"Empty token for EdgeSyncScopeNew"}
{"logTime": "1102/123441", "correlationVector":"","action":"CredentialsChanged", "result":"Empty token for EdgeSyncScopeNew"}
{"logTime": "1102/124251", "correlationVector":"","action":"CredentialsChanged", "result":"Empty token for EdgeSyncScopeNew"}
{"logTime": "1102/125953", "correlationVector":"","action":"CredentialsChanged", "result":"Empty token for EdgeSyncScopeNew"}
{"logTime": "1102/133006", "correlationVector":"","action":"CredentialsChanged", "result":"Empty token for EdgeSyncScopeNew"}
{"logTime": "1102/142707", "correlationVector":"","action":"CredentialsChanged", "result":"Empty token for EdgeSyncScopeNew"}
{"logTime": "1102/162827", "correlationVector":"","action":"CredentialsChanged", "result":"Empty token for EdgeSyncScopeNew"}
{"logTime": "1102/202329", "correlationVector":"","action":"CredentialsChanged", "result":"Empty token for EdgeSyncScopeNew"}
{"logTime": "1102/202337", "correlationVector":"","action":"CredentialsChanged", "result":"Empty token for EdgeSyncScopeNew"}
{"logTime": "1102/202350", "correlationVector":"","action":"CredentialsChanged", "result":"Empty token for EdgeSyncScopeNew"}
{"logTime": "1102/202422", "correlationVector":"","action":"CredentialsChanged", "result":"Empty token for EdgeSyncScopeNew"}
{"logTime": "1102/202517", "correlationVector":"","action":"CredentialsChanged", "result":"Empty token for EdgeSyncScopeNew"}
{"logTime": "1102/202720", "correlationVector":"","action":"CredentialsChanged", "result":"Empty token for EdgeSyncScopeNew"}
{"logTime": "1102/203107", "correlationVector":"","action":"CredentialsChanged", "result":"Empty token for EdgeSyncScopeNew"}
{"logTime": "1102/203207", "correlationVector":"","action":"CredentialsChanged", "result":"Empty token for EdgeSyncScopeNew"}
{"logTime": "1102/203209", "correlationVector":"","action":"CredentialsChanged", "result":"Empty token for EdgeSyncScopeNew"}
{"logTime": "1102/203216", "correlationVector":"","action":"CredentialsChanged", "result":"Empty token for EdgeSyncScopeNew"}
{"logTime": "1102/203232", "correlationVector":"","action":"CredentialsChanged", "result":"Empty token for EdgeSyncScopeNew"}
{"logTime": "1102/203303", "correlationVector":"","action":"CredentialsChanged", "result":"Empty token for EdgeSyncScopeNew"}
{"logTime": "1102/203405", "correlationVector":"","action":"CredentialsChanged", "result":"Empty token for EdgeSyncScopeNew"}
{"logTime": "1102/203557", "correlationVector":"","action":"CredentialsChanged", "result":"Empty token for EdgeSyncScopeNew"}
{"logTime": "1102/205110", "correlationVector":"","action":"CredentialsChanged", "result":"Empty token for EdgeSyncScopeNew"}
{"logTime": "1102/205112", "correlationVector":"","action":"CredentialsChanged", "result":"Empty token for EdgeSyncScopeNew"}
{"logTime": "1102/205119", "correlationVector":"","action":"CredentialsChanged", "result":"Empty token for EdgeSyncScopeNew"}
{"logTime": "1102/205135", "correlationVector":"","action":"CredentialsChanged", "result":"Empty token for EdgeSyncScopeNew"}
{"logTime": "1102/205205", "correlationVector":"","action":"CredentialsChanged", "result":"Empty token for EdgeSyncScopeNew"}
{"logTime": "1102/205307", "correlationVector":"","action":"CredentialsChanged", "result":"Empty token for EdgeSyncScopeNew"}
{"logTime": "1102/205451", "correlationVector":"","action":"CredentialsChanged", "result":"Empty token for EdgeSyncScopeNew"}
{"logTime": "1102/205819", "correlationVector":"","action":"CredentialsChanged", "result":"Empty token for EdgeSyncScopeNew"}
{"logTime": "1102/210640", "correlationVector":"","action":"CredentialsChanged", "result":"Empty token for EdgeSyncScopeNew"}
{"logTime": "1103/094841", "correlationVector":"","action":"CredentialsChanged", "result":"Empty token for EdgeSyncScopeNew"}
{"logTime": "1103/094849", "correlationVector":"","action":"CredentialsChanged", "result":"Empty token for EdgeSyncScopeNew"}
{"logTime": "1103/094905", "correlationVector":"","action":"CredentialsChanged", "result":"Empty token for EdgeSyncScopeNew"}
{"logTime": "1103/094931", "correlationVector":"","action":"CredentialsChanged", "result":"Empty token for EdgeSyncScopeNew"}
{"logTime": "1103/095028", "correlationVector":"","action":"CredentialsChanged", "result":"Empty token for EdgeSyncScopeNew"}
{"logTime": "1103/095228", "correlationVector":"","action":"CredentialsChanged", "result":"Empty token for EdgeSyncScopeNew"}
{"logTime": "1103/095610", "correlationVector":"","action":"CredentialsChanged", "result":"Empty token for EdgeSyncScopeNew"}
{"logTime": "1103/100331", "correlationVector":"","action":"CredentialsChanged", "result":"Empty token for EdgeSyncScopeNew"}
{"logTime": "1103/101802", "correlationVector":"","action":"CredentialsChanged", "result":"Empty token for EdgeSyncScopeNew"}
{"logTime": "1103/105158", "correlationVector":"","action":"CredentialsChanged", "result":"Empty token for EdgeSyncScopeNew"}
{"logTime": "1103/124802", "correlationVector":"","action":"CredentialsChanged", "result":"Empty token for EdgeSyncScopeNew"}
{"logTime": "1103/170717", "correlationVector":"","action":"CredentialsChanged", "result":"Empty token for EdgeSyncScopeNew"}
{"logTime": "1103/170726", "correlationVector":"","action":"CredentialsChanged", "result":"Empty token for EdgeSyncScopeNew"}
{"logTime": "1103/170741", "correlationVector":"","action":"CredentialsChanged", "result":"Empty token for EdgeSyncScopeNew"}
{"logTime": "1103/170810", "correlationVector":"","action":"CredentialsChanged", "result":"Empty token for EdgeSyncScopeNew"}
{"logTime": "1103/170910", "correlationVector":"","action":"CredentialsChanged", "result":"Empty token for EdgeSyncScopeNew"}
{"logTime": "1103/171109", "correlationVector":"","action":"CredentialsChanged", "result":"Empty token for EdgeSyncScopeNew"}
{"logTime": "1103/171506", "correlationVector":"","action":"CredentialsChanged", "result":"Empty token for EdgeSyncScopeNew"}
{"logTime": "1103/172318", "correlationVector":"","action":"CredentialsChanged", "result":"Empty token for EdgeSyncScopeNew"}
{"logTime": "1103/173944", "correlationVector":"","action":"CredentialsChanged", "result":"Empty token for EdgeSyncScopeNew"}
{"logTime": "1103/180958", "correlationVector":"","action":"CredentialsChanged", "result":"Empty token for EdgeSyncScopeNew"}
{"logTime": "1103/191812", "correlationVector":"","action":"CredentialsChanged", "result":"Empty token for EdgeSyncScopeNew"}
{"logTime": "1103/212750", "correlationVector":"","action":"CredentialsChanged", "result":"Empty token for EdgeSyncScopeNew"}
{"logTime": "1104/084707", "correlationVector":"","action":"CredentialsChanged", "result":"Empty token for EdgeSyncScopeNew"}
{"logTime": "1104/084710", "correlationVector":"","action":"CredentialsChanged", "result":"Empty token for EdgeSyncScopeNew"}
{"logTime": "1104/084718", "correlationVector":"","action":"CredentialsChanged", "result":"Empty token for EdgeSyncScopeNew"}
{"logTime": "1104/084731", "correlationVector":"","action":"CredentialsChanged", "result":"Empty token for EdgeSyncScopeNew"}
{"logTime": "1104/084802", "correlationVector":"","action":"CredentialsChanged", "result":"Empty token for EdgeSyncScopeNew"}
{"logTime": "1104/084900", "correlationVector":"","action":"CredentialsChanged", "result":"Empty token for EdgeSyncScopeNew"}
{"logTime": "1104/085047", "correlationVector":"","action":"CredentialsChanged", "result":"Empty token for EdgeSyncScopeNew"}
{"logTime": "1104/085455", "correlationVector":"","action":"CredentialsChanged", "result":"Empty token for EdgeSyncScopeNew"}
{"logTime": "1104/090307", "correlationVector":"","action":"CredentialsChanged", "result":"Empty token for EdgeSyncScopeNew"}
{"logTime": "1104/091913", "correlationVector":"","action":"CredentialsChanged", "result":"Empty token for EdgeSyncScopeNew"}
{"logTime": "1104/095129", "correlationVector":"","action":"CredentialsChanged", "result":"Empty token for EdgeSyncScopeNew"}
{"logTime": "1104/105111", "correlationVector":"","action":"CredentialsChanged", "result":"Empty token for EdgeSyncScopeNew"}
{"logTime": "1104/182404", "correlationVector":"","action":"CredentialsChanged", "result":"Empty token for EdgeSyncScopeNew"}
{"logTime": "1104/182406", "correlationVector":"","action":"CredentialsChanged", "result":"Empty token for EdgeSyncScopeNew"}
{"logTime": "1104/182413", "correlationVector":"","action":"CredentialsChanged", "result":"Empty token for EdgeSyncScopeNew"}
{"logTime": "1104/182427", "correlationVector":"","action":"CredentialsChanged", "result":"Empty token for EdgeSyncScopeNew"}
{"logTime": "1104/182456", "correlationVector":"","action":"CredentialsChanged", "result":"Empty token for EdgeSyncScopeNew"}
{"logTime": "1104/182552", "correlationVector":"","action":"CredentialsChanged", "result":"Empty token for EdgeSyncScopeNew"}
{"logTime": "1104/182555", "correlationVector":"","action":"CredentialsChanged", "result":"Empty token for EdgeSyncScopeNew"}
{"logTime": "1104/182602", "correlationVector":"","action":"CredentialsChanged", "result":"Empty token for EdgeSyncScopeNew"}
{"logTime": "1104/182617", "correlationVector":"","action":"CredentialsChanged", "result":"Empty token for EdgeSyncScopeNew"}
{"logTime": "1104/182643", "correlationVector":"","action":"CredentialsChanged", "result":"Empty token for EdgeSyncScopeNew"}
{"logTime": "1104/182744", "correlationVector":"","action":"CredentialsChanged", "result":"Empty token for EdgeSyncScopeNew"}
{"logTime": "1104/183043", "correlationVector":"","action":"CredentialsChanged", "result":"Empty token for EdgeSyncScopeNew"}
{"logTime": "1104/183046", "correlationVector":"","action":"CredentialsChanged", "result":"Empty token for EdgeSyncScopeNew"}
{"logTime": "1104/183053", "correlationVector":"","action":"CredentialsChanged", "result":"Empty token for EdgeSyncScopeNew"}
{"logTime": "1104/183108", "correlationVector":"","action":"CredentialsChanged", "result":"Empty token for EdgeSyncScopeNew"}
{"logTime": "1104/183134", "correlationVector":"","action":"CredentialsChanged", "result":"Empty token for EdgeSyncScopeNew"}
{"logTime": "1104/183236", "correlationVector":"","action":"CredentialsChanged", "result":"Empty token for EdgeSyncScopeNew"}
{"logTime": "1104/183431", "correlationVector":"","action":"CredentialsChanged", "result":"Empty token for EdgeSyncScopeNew"}
{"logTime": "1104/183538", "correlationVector":"","action":"CredentialsChanged", "result":"Empty token for EdgeSyncScopeNew"}
{"logTime": "1104/183541", "correlationVector":"","action":"CredentialsChanged", "result":"Empty token for EdgeSyncScopeNew"}
{"logTime": "1104/183549", "correlationVector":"","action":"CredentialsChanged", "result":"Empty token for EdgeSyncScopeNew"}
{"logTime": "1104/183604", "correlationVector":"","action":"CredentialsChanged", "result":"Empty token for EdgeSyncScopeNew"}
{"logTime": "1104/183634", "correlationVector":"","action":"CredentialsChanged", "result":"Empty token for EdgeSyncScopeNew"}
{"logTime": "1104/183728", "correlationVector":"","action":"CredentialsChanged", "result":"Empty token for EdgeSyncScopeNew"}
{"logTime": "1104/183913", "correlationVector":"","action":"CredentialsChanged", "result":"Empty token for EdgeSyncScopeNew"}
{"logTime": "1104/184546", "correlationVector":"","action":"CredentialsChanged", "result":"Empty token for EdgeSyncScopeNew"}
{"logTime": "1104/184549", "correlationVector":"","action":"CredentialsChanged", "result":"Empty token for EdgeSyncScopeNew"}
{"logTime": "1104/184557", "correlationVector":"","action":"CredentialsChanged", "result":"Empty token for EdgeSyncScopeNew"}
{"logTime": "1104/184612", "correlationVector":"","action":"CredentialsChanged", "result":"Empty token for EdgeSyncScopeNew"}
{"logTime": "1104/184644", "correlationVector":"","action":"CredentialsChanged", "result":"Empty token for EdgeSyncScopeNew"}
{"logTime": "1104/184736", "correlationVector":"","action":"CredentialsChanged", "result":"Empty token for EdgeSyncScopeNew"}
{"logTime": "1104/184932", "correlationVector":"","action":"CredentialsChanged", "result":"Empty token for EdgeSyncScopeNew"}
{"logTime": "1104/185324", "correlationVector":"","action":"CredentialsChanged", "result":"Empty token for EdgeSyncScopeNew"}
{"logTime": "1104/185711", "correlationVector":"","action":"CredentialsChanged", "result":"Empty token for EdgeSyncScopeNew"}
{"logTime": "1104/185714", "correlationVector":"","action":"CredentialsChanged", "result":"Empty token for EdgeSyncScopeNew"}
{"logTime": "1104/185721", "correlationVector":"","action":"CredentialsChanged", "result":"Empty token for EdgeSyncScopeNew"}
{"logTime": "1104/185735", "correlationVector":"","action":"CredentialsChanged", "result":"Empty token for EdgeSyncScopeNew"}
{"logTime": "1104/185802", "correlationVector":"","action":"CredentialsChanged", "result":"Empty token for EdgeSyncScopeNew"}
{"logTime": "1104/185854", "correlationVector":"","action":"CredentialsChanged", "result":"Empty token for EdgeSyncScopeNew"}
{"logTime": "1104/190055", "correlationVector":"","action":"CredentialsChanged", "result":"Empty token for EdgeSyncScopeNew"}
{"logTime": "1104/190456", "correlationVector":"","action":"CredentialsChanged", "result":"Empty token for EdgeSyncScopeNew"}
{"logTime": "1104/191153", "correlationVector":"","action":"CredentialsChanged", "result":"Empty token for EdgeSyncScopeNew"}
{"logTime": "1104/192633", "correlationVector":"","action":"CredentialsChanged", "result":"Empty token for EdgeSyncScopeNew"}
{"logTime": "1104/193509", "correlationVector":"","action":"CredentialsChanged", "result":"Empty token for EdgeSyncScopeNew"}
{"logTime": "1104/193513", "correlationVector":"","action":"CredentialsChanged", "result":"Empty token for EdgeSyncScopeNew"}
{"logTime": "1104/193520", "correlationVector":"","action":"CredentialsChanged", "result":"Empty token for EdgeSyncScopeNew"}
{"logTime": "1104/193535", "correlationVector":"","action":"CredentialsChanged", "result":"Empty token for EdgeSyncScopeNew"}
{"logTime": "1104/193604", "correlationVector":"","action":"CredentialsChanged", "result":"Empty token for EdgeSyncScopeNew"}
{"logTime": "1104/193658", "correlationVector":"","action":"CredentialsChanged", "result":"Empty token for EdgeSyncScopeNew"}
{"logTime": "1104/193842", "correlationVector":"","action":"CredentialsChanged", "result":"Empty token for EdgeSyncScopeNew"}
{"logTime": "1104/194214", "correlationVector":"","action":"CredentialsChanged", "result":"Empty token for EdgeSyncScopeNew"}
{"logTime": "1104/195032", "correlationVector":"","action":"CredentialsChanged", "result":"Empty token for EdgeSyncScopeNew"}
{"logTime": "1104/195806", "correlationVector":"","action":"CredentialsChanged", "result":"Empty token for EdgeSyncScopeNew"}
{"logTime": "1104/195809", "correlationVector":"","action":"CredentialsChanged", "result":"Empty token for EdgeSyncScopeNew"}
{"logTime": "1104/195815", "correlationVector":"","action":"CredentialsChanged", "result":"Empty token for EdgeSyncScopeNew"}
{"logTime": "1104/195828", "correlationVector":"","action":"CredentialsChanged", "result":"Empty token for EdgeSyncScopeNew"}
{"logTime": "1104/195859", "correlationVector":"","action":"CredentialsChanged", "result":"Empty token for EdgeSyncScopeNew"}
{"logTime": "1104/195927", "correlationVector":"","action":"CredentialsChanged", "result":"Empty token for EdgeSyncScopeNew"}
{"logTime": "1104/195930", "correlationVector":"","action":"CredentialsChanged", "result":"Empty token for EdgeSyncScopeNew"}
{"logTime": "1104/195937", "correlationVector":"","action":"CredentialsChanged", "result":"Empty token for EdgeSyncScopeNew"}
{"logTime": "1104/195950", "correlationVector":"","action":"CredentialsChanged", "result":"Empty token for EdgeSyncScopeNew"}
{"logTime": "1104/200014", "correlationVector":"","action":"CredentialsChanged", "result":"Empty token for EdgeSyncScopeNew"}
{"logTime": "1104/200017", "correlationVector":"","action":"CredentialsChanged", "result":"Empty token for EdgeSyncScopeNew"}
{"logTime": "1104/200025", "correlationVector":"","action":"CredentialsChanged", "result":"Empty token for EdgeSyncScopeNew"}
{"logTime": "1104/200040", "correlationVector":"","action":"CredentialsChanged", "result":"Empty token for EdgeSyncScopeNew"}
{"logTime": "1104/200107", "correlationVector":"","action":"CredentialsChanged", "result":"Empty token for EdgeSyncScopeNew"}
{"logTime": "1104/200208", "correlationVector":"","action":"CredentialsChanged", "result":"Empty token for EdgeSyncScopeNew"}
{"logTime": "1104/200356", "correlationVector":"","action":"CredentialsChanged", "result":"Empty token for EdgeSyncScopeNew"}
{"logTime": "1104/200756", "correlationVector":"","action":"CredentialsChanged", "result":"Empty token for EdgeSyncScopeNew"}
{"logTime": "1104/201723", "correlationVector":"","action":"CredentialsChanged", "result":"Empty token for EdgeSyncScopeNew"}
{"logTime": "1104/201726", "correlationVector":"","action":"CredentialsChanged", "result":"Empty token for EdgeSyncScopeNew"}
{"logTime": "1104/201733", "correlationVector":"","action":"CredentialsChanged", "result":"Empty token for EdgeSyncScopeNew"}
{"logTime": "1104/201746", "correlationVector":"","action":"CredentialsChanged", "result":"Empty token for EdgeSyncScopeNew"}
{"logTime": "1104/201812", "correlationVector":"","action":"CredentialsChanged", "result":"Empty token for EdgeSyncScopeNew"}
{"logTime": "1104/201908", "correlationVector":"","action":"CredentialsChanged", "result":"Empty token for EdgeSyncScopeNew"}
{"logTime": "1104/202109", "correlationVector":"","action":"CredentialsChanged", "result":"Empty token for EdgeSyncScopeNew"}
{"logTime": "1104/202800", "correlationVector":"","action":"CredentialsChanged", "result":"Empty token for EdgeSyncScopeNew"}
{"logTime": "1104/202804", "correlationVector":"","action":"CredentialsChanged", "result":"Empty token for EdgeSyncScopeNew"}
{"logTime": "1104/202810", "correlationVector":"","action":"CredentialsChanged", "result":"Empty token for EdgeSyncScopeNew"}
{"logTime": "1104/202823", "correlationVector":"","action":"CredentialsChanged", "result":"Empty token for EdgeSyncScopeNew"}
{"logTime": "1104/202853", "correlationVector":"","action":"CredentialsChanged", "result":"Empty token for EdgeSyncScopeNew"}
{"logTime": "1104/202949", "correlationVector":"","action":"CredentialsChanged", "result":"Empty token for EdgeSyncScopeNew"}
{"logTime": "1104/203134", "correlationVector":"","action":"CredentialsChanged", "result":"Empty token for EdgeSyncScopeNew"}
{"logTime": "1104/203305", "correlationVector":"","action":"CredentialsChanged", "result":"Empty token for EdgeSyncScopeNew"}
{"logTime": "1104/203308", "correlationVector":"","action":"CredentialsChanged", "result":"Empty token for EdgeSyncScopeNew"}
{"logTime": "1104/203315", "correlationVector":"","action":"CredentialsChanged", "result":"Empty token for EdgeSyncScopeNew"}
{"logTime": "1104/203329", "correlationVector":"","action":"CredentialsChanged", "result":"Empty token for EdgeSyncScopeNew"}
{"logTime": "1104/203356", "correlationVector":"","action":"CredentialsChanged", "result":"Empty token for EdgeSyncScopeNew"}
{"logTime": "1104/203611", "correlationVector":"","action":"CredentialsChanged", "result":"Empty token for EdgeSyncScopeNew"}
{"logTime": "1104/203614", "correlationVector":"","action":"CredentialsChanged", "result":"Empty token for EdgeSyncScopeNew"}
{"logTime": "1104/203621", "correlationVector":"","action":"CredentialsChanged", "result":"Empty token for EdgeSyncScopeNew"}
{"logTime": "1104/203636", "correlationVector":"","action":"CredentialsChanged", "result":"Empty token for EdgeSyncScopeNew"}
{"logTime": "1104/203705", "correlationVector":"","action":"CredentialsChanged", "result":"Empty token for EdgeSyncScopeNew"}
{"logTime": "1104/204207", "correlationVector":"","action":"CredentialsChanged", "result":"Empty token for EdgeSyncScopeNew"}
{"logTime": "1104/204210", "correlationVector":"","action":"CredentialsChanged", "result":"Empty token for EdgeSyncScopeNew"}
{"logTime": "1104/204218", "correlationVector":"","action":"CredentialsChanged", "result":"Empty token for EdgeSyncScopeNew"}
{"logTime": "1104/204230", "correlationVector":"","action":"CredentialsChanged", "result":"Empty token for EdgeSyncScopeNew"}
{"logTime": "1104/204301", "correlationVector":"","action":"CredentialsChanged", "result":"Empty token for EdgeSyncScopeNew"}
{"logTime": "1104/205301", "correlationVector":"","action":"CredentialsChanged", "result":"Empty token for EdgeSyncScopeNew"}
{"logTime": "1104/205304", "correlationVector":"","action":"CredentialsChanged", "result":"Empty token for EdgeSyncScopeNew"}
{"logTime": "1104/205311", "correlationVector":"","action":"CredentialsChanged", "result":"Empty token for EdgeSyncScopeNew"}
{"logTime": "1104/205326", "correlationVector":"","action":"CredentialsChanged", "result":"Empty token for EdgeSyncScopeNew"}
{"logTime": "1104/205353", "correlationVector":"","action":"CredentialsChanged", "result":"Empty token for EdgeSyncScopeNew"}
{"logTime": "1104/205446", "correlationVector":"","action":"CredentialsChanged", "result":"Empty token for EdgeSyncScopeNew"}
{"logTime": "1104/205647", "correlationVector":"","action":"CredentialsChanged", "result":"Empty token for EdgeSyncScopeNew"}
{"logTime": "1104/210029", "correlationVector":"","action":"CredentialsChanged", "result":"Empty token for EdgeSyncScopeNew"}
{"logTime": "1104/210134", "correlationVector":"","action":"CredentialsChanged", "result":"Empty token for EdgeSyncScopeNew"}
{"logTime": "1104/210138", "correlationVector":"","action":"CredentialsChanged", "result":"Empty token for EdgeSyncScopeNew"}
{"logTime": "1104/210144", "correlationVector":"","action":"CredentialsChanged", "result":"Empty token for EdgeSyncScopeNew"}
{"logTime": "1104/210158", "correlationVector":"","action":"CredentialsChanged", "result":"Empty token for EdgeSyncScopeNew"}
{"logTime": "1104/210226", "correlationVector":"","action":"CredentialsChanged", "result":"Empty token for EdgeSyncScopeNew"}
{"logTime": "1104/210330", "correlationVector":"","action":"CredentialsChanged", "result":"Empty token for EdgeSyncScopeNew"}
{"logTime": "1104/210537", "correlationVector":"","action":"CredentialsChanged", "result":"Empty token for EdgeSyncScopeNew"}
{"logTime": "1104/210936", "correlationVector":"","action":"CredentialsChanged", "result":"Empty token for EdgeSyncScopeNew"}
{"logTime": "1104/211753", "correlationVector":"","action":"CredentialsChanged", "result":"Empty token for EdgeSyncScopeNew"}
{"logTime": "1104/212152", "correlationVector":"","action":"CredentialsChanged", "result":"Empty token for EdgeSyncScopeNew"}
{"logTime": "1104/212159", "correlationVector":"","action":"CredentialsChanged", "result":"Empty token for EdgeSyncScopeNew"}
{"logTime": "1104/212213", "correlationVector":"","action":"CredentialsChanged", "result":"Empty token for EdgeSyncScopeNew"}
{"logTime": "1104/212245", "correlationVector":"","action":"CredentialsChanged", "result":"Empty token for EdgeSyncScopeNew"}
{"logTime": "1104/212348", "correlationVector":"","action":"CredentialsChanged", "result":"Empty token for EdgeSyncScopeNew"}
{"logTime": "1104/212539", "correlationVector":"","action":"CredentialsChanged", "result":"Empty token for EdgeSyncScopeNew"}
{"logTime": "1104/212927", "correlationVector":"","action":"CredentialsChanged", "result":"Empty token for EdgeSyncScopeNew"}
{"logTime": "1104/213137", "correlationVector":"","action":"CredentialsChanged", "result":"Empty token for EdgeSyncScopeNew"}
{"logTime": "1104/213140", "correlationVector":"","action":"CredentialsChanged", "result":"Empty token for EdgeSyncScopeNew"}
{"logTime": "1104/213147", "correlationVector":"","action":"CredentialsChanged", "result":"Empty token for EdgeSyncScopeNew"}
{"logTime": "1104/213200", "correlationVector":"","action":"CredentialsChanged", "result":"Empty token for EdgeSyncScopeNew"}
{"logTime": "1104/213227", "correlationVector":"","action":"CredentialsChanged", "result":"Empty token for EdgeSyncScopeNew"}
{"logTime": "1104/213321", "correlationVector":"","action":"CredentialsChanged", "result":"Empty token for EdgeSyncScopeNew"}
{"logTime": "1104/213512", "correlationVector":"","action":"CredentialsChanged", "result":"Empty token for EdgeSyncScopeNew"}
{"logTime": "1104/213915", "correlationVector":"","action":"CredentialsChanged", "result":"Empty token for EdgeSyncScopeNew"}
{"logTime": "1104/214727", "correlationVector":"","action":"CredentialsChanged", "result":"Empty token for EdgeSyncScopeNew"}
{"logTime": "1104/220311", "correlationVector":"","action":"CredentialsChanged", "result":"Empty token for EdgeSyncScopeNew"}
{"logTime": "1104/223533", "correlationVector":"","action":"CredentialsChanged", "result":"Empty token for EdgeSyncScopeNew"}
{"logTime": "1105/085355", "correlationVector":"","action":"CredentialsChanged", "result":"Empty token for EdgeSyncScopeNew"}
{"logTime": "1105/085357", "correlationVector":"","action":"CredentialsChanged", "result":"Empty token for EdgeSyncScopeNew"}
{"logTime": "1105/085405", "correlationVector":"","action":"CredentialsChanged", "result":"Empty token for EdgeSyncScopeNew"}
{"logTime": "1105/085421", "correlationVector":"","action":"CredentialsChanged", "result":"Empty token for EdgeSyncScopeNew"}
{"logTime": "1105/085450", "correlationVector":"","action":"CredentialsChanged", "result":"Empty token for EdgeSyncScopeNew"}
{"logTime": "1105/085549", "correlationVector":"","action":"CredentialsChanged", "result":"Empty token for EdgeSyncScopeNew"}
{"logTime": "1105/085745", "correlationVector":"","action":"CredentialsChanged", "result":"Empty token for EdgeSyncScopeNew"}
{"logTime": "1105/090157", "correlationVector":"","action":"CredentialsChanged", "result":"Empty token for EdgeSyncScopeNew"}
{"logTime": "1105/090854", "correlationVector":"","action":"CredentialsChanged", "result":"Empty token for EdgeSyncScopeNew"}
{"logTime": "1105/092547", "correlationVector":"","action":"CredentialsChanged", "result":"Empty token for EdgeSyncScopeNew"}
{"logTime": "1105/093022", "correlationVector":"","action":"CredentialsChanged", "result":"Empty token for EdgeSyncScopeNew"}
{"logTime": "1105/093026", "correlationVector":"","action":"CredentialsChanged", "result":"Empty token for EdgeSyncScopeNew"}
{"logTime": "1105/110409", "correlationVector":"","action":"CredentialsChanged", "result":"Empty token for EdgeSyncScopeNew"}
{"logTime": "1105/110417", "correlationVector":"","action":"CredentialsChanged", "result":"Empty token for EdgeSyncScopeNew"}
{"logTime": "1105/110432", "correlationVector":"","action":"CredentialsChanged", "result":"Empty token for EdgeSyncScopeNew"}
{"logTime": "1105/110530", "correlationVector":"","action":"CredentialsChanged", "result":"Empty token for EdgeSyncScopeNew"}
{"logTime": "1105/110537", "correlationVector":"","action":"CredentialsChanged", "result":"Empty token for EdgeSyncScopeNew"}
{"logTime": "1105/110550", "correlationVector":"","action":"CredentialsChanged", "result":"Empty token for EdgeSyncScopeNew"}
{"logTime": "1105/110616", "correlationVector":"","action":"CredentialsChanged", "result":"Empty token for EdgeSyncScopeNew"}
{"logTime": "1105/110622", "correlationVector":"","action":"CredentialsChanged", "result":"Empty token for EdgeSyncScopeNew"}
{"logTime": "1105/110749", "correlationVector":"","action":"CredentialsChanged", "result":"Empty token for EdgeSyncScopeNew"}
{"logTime": "1105/110756", "correlationVector":"","action":"CredentialsChanged", "result":"Empty token for EdgeSyncScopeNew"}
{"logTime": "1105/110812", "correlationVector":"","action":"CredentialsChanged", "result":"Empty token for EdgeSyncScopeNew"}
{"logTime": "1105/110838", "correlationVector":"","action":"CredentialsChanged", "result":"Empty token for EdgeSyncScopeNew"}
{"logTime": "1105/110939", "correlationVector":"","action":"CredentialsChanged", "result":"Empty token for EdgeSyncScopeNew"}
{"logTime": "1105/111130", "correlationVector":"","action":"CredentialsChanged", "result":"Empty token for EdgeSyncScopeNew"}
{"logTime": "1105/111516", "correlationVector":"","action":"CredentialsChanged", "result":"Empty token for EdgeSyncScopeNew"}
{"logTime": "1105/112300", "correlationVector":"","action":"CredentialsChanged", "result":"Empty token for EdgeSyncScopeNew"}
{"logTime": "1105/113701", "correlationVector":"","action":"CredentialsChanged", "result":"Empty token for EdgeSyncScopeNew"}
{"logTime": "1105/120644", "correlationVector":"","action":"CredentialsChanged", "result":"Empty token for EdgeSyncScopeNew"}
{"logTime": "1105/130802", "correlationVector":"","action":"CredentialsChanged", "result":"Empty token for EdgeSyncScopeNew"}
{"logTime": "1105/151945", "correlationVector":"","action":"CredentialsChanged", "result":"Empty token for EdgeSyncScopeNew"}
{"logTime": "1105/152940", "correlationVector":"","action":"CredentialsChanged", "result":"Empty token for EdgeSyncScopeNew"}
{"logTime": "1105/152943", "correlationVector":"","action":"CredentialsChanged", "result":"Empty token for EdgeSyncScopeNew"}
{"logTime": "1105/152951", "correlationVector":"","action":"CredentialsChanged", "result":"Empty token for EdgeSyncScopeNew"}
{"logTime": "1105/153005", "correlationVector":"","action":"CredentialsChanged", "result":"Empty token for EdgeSyncScopeNew"}
{"logTime": "1105/153037", "correlationVector":"","action":"CredentialsChanged", "result":"Empty token for EdgeSyncScopeNew"}
{"logTime": "1105/153136", "correlationVector":"","action":"CredentialsChanged", "result":"Empty token for EdgeSyncScopeNew"}
{"logTime": "1105/153320", "correlationVector":"","action":"CredentialsChanged", "result":"Empty token for EdgeSyncScopeNew"}
{"logTime": "1105/153645", "correlationVector":"","action":"CredentialsChanged", "result":"Empty token for EdgeSyncScopeNew"}
{"logTime": "1105/154340", "correlationVector":"","action":"CredentialsChanged", "result":"Empty token for EdgeSyncScopeNew"}
{"logTime": "1105/155818", "correlationVector":"","action":"CredentialsChanged", "result":"Empty token for EdgeSyncScopeNew"}
{"logTime": "1105/162915", "correlationVector":"","action":"CredentialsChanged", "result":"Empty token for EdgeSyncScopeNew"}
{"logTime": "1105/172453", "correlationVector":"","action":"CredentialsChanged", "result":"Empty token for EdgeSyncScopeNew"}
{"logTime": "1105/194835", "correlationVector":"","action":"CredentialsChanged", "result":"Empty token for EdgeSyncScopeNew"}
{"logTime": "1105/194839", "correlationVector":"","action":"CredentialsChanged", "result":"Empty token for EdgeSyncScopeNew"}
{"logTime": "1105/194846", "correlationVector":"","action":"CredentialsChanged", "result":"Empty token for EdgeSyncScopeNew"}
{"logTime": "1105/194900", "correlationVector":"","action":"CredentialsChanged", "result":"Empty token for EdgeSyncScopeNew"}
{"logTime": "1105/194926", "correlationVector":"","action":"CredentialsChanged", "result":"Empty token for EdgeSyncScopeNew"}
{"logTime": "1105/195018", "correlationVector":"","action":"CredentialsChanged", "result":"Empty token for EdgeSyncScopeNew"}
{"logTime": "1105/195224", "correlationVector":"","action":"CredentialsChanged", "result":"Empty token for EdgeSyncScopeNew"}
{"logTime": "1105/195621", "correlationVector":"","action":"CredentialsChanged", "result":"Empty token for EdgeSyncScopeNew"}
{"logTime": "1105/200449", "correlationVector":"","action":"CredentialsChanged", "result":"Empty token for EdgeSyncScopeNew"}
{"logTime": "1105/201930", "correlationVector":"","action":"CredentialsChanged", "result":"Empty token for EdgeSyncScopeNew"}
{"logTime": "1105/205044", "correlationVector":"","action":"CredentialsChanged", "result":"Empty token for EdgeSyncScopeNew"}
{"logTime": "1105/215353", "correlationVector":"","action":"CredentialsChanged", "result":"Empty token for EdgeSyncScopeNew"}
{"logTime": "1106/234415", "correlationVector":"","action":"CredentialsChanged", "result":"Empty token for EdgeSyncScopeNew"}
{"logTime": "1106/234418", "correlationVector":"","action":"CredentialsChanged", "result":"Empty token for EdgeSyncScopeNew"}
{"logTime": "1106/234425", "correlationVector":"","action":"CredentialsChanged", "result":"Empty token for EdgeSyncScopeNew"}
{"logTime": "1106/234441", "correlationVector":"","action":"CredentialsChanged", "result":"Empty token for EdgeSyncScopeNew"}
{"logTime": "1106/234508", "correlationVector":"","action":"CredentialsChanged", "result":"Empty token for EdgeSyncScopeNew"}
{"logTime": "1106/234610", "correlationVector":"","action":"CredentialsChanged", "result":"Empty token for EdgeSyncScopeNew"}
{"logTime": "1106/234753", "correlationVector":"","action":"CredentialsChanged", "result":"Empty token for EdgeSyncScopeNew"}
{"logTime": "1106/235138", "correlationVector":"","action":"CredentialsChanged", "result":"Empty token for EdgeSyncScopeNew"}
{"logTime": "1106/235831", "correlationVector":"","action":"CredentialsChanged", "result":"Empty token for EdgeSyncScopeNew"}
{"logTime": "1107/001304", "correlationVector":"","action":"CredentialsChanged", "result":"Empty token for EdgeSyncScopeNew"}
{"logTime": "1107/004606", "correlationVector":"","action":"CredentialsChanged", "result":"Empty token for EdgeSyncScopeNew"}
{"logTime": "1107/014627", "correlationVector":"","action":"CredentialsChanged", "result":"Empty token for EdgeSyncScopeNew"}
{"logTime": "1107/035821", "correlationVector":"","action":"CredentialsChanged", "result":"Empty token for EdgeSyncScopeNew"}
